<?xml version="1.0" encoding="UTF-8"?>
<testsuite xmlns:xsi="http://www.w3.org/2001/XMLSchema-instance" xsi:noNamespaceSchemaLocation="https://maven.apache.org/surefire/maven-surefire-plugin/xsd/surefire-test-report-3.0.xsd" version="3.0" name="com.miage.app.AppTest" time="0.014" tests="1" errors="0" skipped="0" failures="0">
  <properties>
    <property name="java.specification.version" value="21"/>
    <property name="sun.jnu.encoding" value="UTF-8"/>
    <property name="java.class.path" value="/Users/Jayson/Documents/miage/M2/FSRProject/target/test-classes:/Users/Jayson/Documents/miage/M2/FSRProject/target/classes:/Users/Jayson/.m2/repository/com/mysql/mysql-connector-j/8.2.0/mysql-connector-j-8.2.0.jar:/Users/Jayson/.m2/repository/com/google/protobuf/protobuf-java/3.21.9/protobuf-java-3.21.9.jar:/Users/Jayson/.m2/repository/org/hibernate/hibernate-core/5.5.6.Final/hibernate-core-5.5.6.Final.jar:/Users/Jayson/.m2/repository/org/jboss/logging/jboss-logging/3.4.2.Final/jboss-logging-3.4.2.Final.jar:/Users/Jayson/.m2/repository/org/javassist/javassist/3.27.0-GA/javassist-3.27.0-GA.jar:/Users/Jayson/.m2/repository/net/bytebuddy/byte-buddy/1.11.8/byte-buddy-1.11.8.jar:/Users/Jayson/.m2/repository/antlr/antlr/2.7.7/antlr-2.7.7.jar:/Users/Jayson/.m2/repository/org/jboss/spec/javax/transaction/jboss-transaction-api_1.2_spec/1.1.1.Final/jboss-transaction-api_1.2_spec-1.1.1.Final.jar:/Users/Jayson/.m2/repository/org/jboss/jandex/2.2.3.Final/jandex-2.2.3.Final.jar:/Users/Jayson/.m2/repository/com/fasterxml/classmate/1.5.1/classmate-1.5.1.jar:/Users/Jayson/.m2/repository/javax/activation/javax.activation-api/1.2.0/javax.activation-api-1.2.0.jar:/Users/Jayson/.m2/repository/org/hibernate/common/hibernate-commons-annotations/5.1.2.Final/hibernate-commons-annotations-5.1.2.Final.jar:/Users/Jayson/.m2/repository/javax/xml/bind/jaxb-api/2.3.1/jaxb-api-2.3.1.jar:/Users/Jayson/.m2/repository/org/glassfish/jaxb/jaxb-runtime/2.3.1/jaxb-runtime-2.3.1.jar:/Users/Jayson/.m2/repository/org/glassfish/jaxb/txw2/2.3.1/txw2-2.3.1.jar:/Users/Jayson/.m2/repository/com/sun/istack/istack-commons-runtime/3.0.7/istack-commons-runtime-3.0.7.jar:/Users/Jayson/.m2/repository/org/jvnet/staxex/stax-ex/1.8/stax-ex-1.8.jar:/Users/Jayson/.m2/repository/com/sun/xml/fastinfoset/FastInfoset/1.2.15/FastInfoset-1.2.15.jar:/Users/Jayson/.m2/repository/junit/junit/3.8.1/junit-3.8.1.jar:/Users/Jayson/.m2/repository/javax/persistence/javax.persistence-api/2.2/javax.persistence-api-2.2.jar:/Users/Jayson/.m2/repository/org/glassfish/jersey/containers/jersey-container-servlet/2.31/jersey-container-servlet-2.31.jar:/Users/Jayson/.m2/repository/org/glassfish/jersey/containers/jersey-container-servlet-core/2.31/jersey-container-servlet-core-2.31.jar:/Users/Jayson/.m2/repository/org/glassfish/jersey/core/jersey-common/2.31/jersey-common-2.31.jar:/Users/Jayson/.m2/repository/org/glassfish/hk2/osgi-resource-locator/1.0.3/osgi-resource-locator-1.0.3.jar:/Users/Jayson/.m2/repository/com/sun/activation/jakarta.activation/1.2.2/jakarta.activation-1.2.2.jar:/Users/Jayson/.m2/repository/org/glassfish/jersey/core/jersey-server/2.31/jersey-server-2.31.jar:/Users/Jayson/.m2/repository/org/glassfish/jersey/media/jersey-media-jaxb/2.31/jersey-media-jaxb-2.31.jar:/Users/Jayson/.m2/repository/jakarta/validation/jakarta.validation-api/2.0.2/jakarta.validation-api-2.0.2.jar:/Users/Jayson/.m2/repository/jakarta/xml/bind/jakarta.xml.bind-api/2.3.3/jakarta.xml.bind-api-2.3.3.jar:/Users/Jayson/.m2/repository/jakarta/activation/jakarta.activation-api/1.2.2/jakarta.activation-api-1.2.2.jar:/Users/Jayson/.m2/repository/jakarta/ws/rs/jakarta.ws.rs-api/2.1.6/jakarta.ws.rs-api-2.1.6.jar:/Users/Jayson/.m2/repository/org/glassfish/jersey/core/jersey-client/2.31/jersey-client-2.31.jar:/Users/Jayson/.m2/repository/org/glassfish/hk2/external/jakarta.inject/2.6.1/jakarta.inject-2.6.1.jar:/Users/Jayson/.m2/repository/org/eclipse/yasson/1.0.7/yasson-1.0.7.jar:/Users/Jayson/.m2/repository/jakarta/json/bind/jakarta.json.bind-api/1.0.2/jakarta.json.bind-api-1.0.2.jar:/Users/Jayson/.m2/repository/jakarta/json/jakarta.json-api/1.1.6/jakarta.json-api-1.1.6.jar:/Users/Jayson/.m2/repository/org/glassfish/jakarta.json/1.1.6/jakarta.json-1.1.6-module.jar:/Users/Jayson/.m2/repository/org/glassfish/jersey/inject/jersey-hk2/2.31/jersey-hk2-2.31.jar:/Users/Jayson/.m2/repository/org/glassfish/hk2/hk2-api/2.6.1/hk2-api-2.6.1.jar:/Users/Jayson/.m2/repository/org/glassfish/hk2/external/aopalliance-repackaged/2.6.1/aopalliance-repackaged-2.6.1.jar:/Users/Jayson/.m2/repository/org/glassfish/hk2/hk2-locator/2.6.1/hk2-locator-2.6.1.jar:/Users/Jayson/.m2/repository/jakarta/annotation/jakarta.annotation-api/1.3.4/jakarta.annotation-api-1.3.4.jar:/Users/Jayson/.m2/repository/org/glassfish/hk2/hk2-utils/2.6.1/hk2-utils-2.6.1.jar:/Users/Jayson/.m2/repository/org/glassfish/jersey/media/jersey-media-sse/2.31/jersey-media-sse-2.31.jar:/Users/Jayson/.m2/repository/org/glassfish/jersey/media/jersey-media-json-binding/2.31/jersey-media-json-binding-2.31.jar:/Users/Jayson/.m2/repository/org/glassfish/jakarta.json/1.1.6/jakarta.json-1.1.6.jar:/Users/Jayson/.m2/repository/org/projectlombok/lombok/1.18.30/lombok-1.18.30.jar:/Users/Jayson/.m2/repository/ma/glasnost/orika/orika-core/1.5.4/orika-core-1.5.4.jar:/Users/Jayson/.m2/repository/com/thoughtworks/paranamer/paranamer/2.8/paranamer-2.8.jar:/Users/Jayson/.m2/repository/org/slf4j/slf4j-api/1.7.25/slf4j-api-1.7.25.jar:/Users/Jayson/.m2/repository/com/carrotsearch/java-sizeof/0.0.5/java-sizeof-0.0.5.jar:/Users/Jayson/.m2/repository/org/codehaus/janino/janino/3.0.8/janino-3.0.8.jar:/Users/Jayson/.m2/repository/org/codehaus/janino/commons-compiler/3.0.8/commons-compiler-3.0.8.jar:/Users/Jayson/.m2/repository/org/springframework/spring-core/5.2.12.RELEASE/spring-core-5.2.12.RELEASE.jar:/Users/Jayson/.m2/repository/org/springframework/spring-jcl/5.2.12.RELEASE/spring-jcl-5.2.12.RELEASE.jar:/Users/Jayson/.m2/repository/org/springframework/spring-web/5.2.12.RELEASE/spring-web-5.2.12.RELEASE.jar:/Users/Jayson/.m2/repository/org/springframework/spring-beans/5.2.12.RELEASE/spring-beans-5.2.12.RELEASE.jar:/Users/Jayson/.m2/repository/org/springframework/spring-context/5.2.12.RELEASE/spring-context-5.2.12.RELEASE.jar:/Users/Jayson/.m2/repository/org/springframework/spring-aop/5.2.12.RELEASE/spring-aop-5.2.12.RELEASE.jar:/Users/Jayson/.m2/repository/org/springframework/spring-expression/5.2.12.RELEASE/spring-expression-5.2.12.RELEASE.jar:/Users/Jayson/.m2/repository/org/springframework/spring-webmvc/5.2.12.RELEASE/spring-webmvc-5.2.12.RELEASE.jar:"/>
    <property name="java.vm.vendor" value="Homebrew"/>
    <property name="sun.arch.data.model" value="64"/>
    <property name="java.vendor.url" value="https://github.com/Homebrew/homebrew-core/issues"/>
    <property name="os.name" value="Mac OS X"/>
    <property name="java.vm.specification.version" value="21"/>
    <property name="sun.java.launcher" value="SUN_STANDARD"/>
    <property name="user.country" value="FR"/>
    <property name="sun.boot.library.path" value="/opt/homebrew/Cellar/openjdk/21/libexec/openjdk.jdk/Contents/Home/lib"/>
    <property name="sun.java.command" value="/Users/Jayson/Documents/miage/M2/FSRProject/target/surefire/surefirebooter-20240115170353596_3.jar /Users/Jayson/Documents/miage/M2/FSRProject/target/surefire 2024-01-15T17-03-53_555-jvmRun1 surefire-20240115170353596_1tmp surefire_0-20240115170353596_2tmp"/>
    <property name="http.nonProxyHosts" value="local|*.local|169.254/16|*.169.254/16"/>
    <property name="jdk.debug" value="release"/>
    <property name="surefire.test.class.path" value="/Users/Jayson/Documents/miage/M2/FSRProject/target/test-classes:/Users/Jayson/Documents/miage/M2/FSRProject/target/classes:/Users/Jayson/.m2/repository/com/mysql/mysql-connector-j/8.2.0/mysql-connector-j-8.2.0.jar:/Users/Jayson/.m2/repository/com/google/protobuf/protobuf-java/3.21.9/protobuf-java-3.21.9.jar:/Users/Jayson/.m2/repository/org/hibernate/hibernate-core/5.5.6.Final/hibernate-core-5.5.6.Final.jar:/Users/Jayson/.m2/repository/org/jboss/logging/jboss-logging/3.4.2.Final/jboss-logging-3.4.2.Final.jar:/Users/Jayson/.m2/repository/org/javassist/javassist/3.27.0-GA/javassist-3.27.0-GA.jar:/Users/Jayson/.m2/repository/net/bytebuddy/byte-buddy/1.11.8/byte-buddy-1.11.8.jar:/Users/Jayson/.m2/repository/antlr/antlr/2.7.7/antlr-2.7.7.jar:/Users/Jayson/.m2/repository/org/jboss/spec/javax/transaction/jboss-transaction-api_1.2_spec/1.1.1.Final/jboss-transaction-api_1.2_spec-1.1.1.Final.jar:/Users/Jayson/.m2/repository/org/jboss/jandex/2.2.3.Final/jandex-2.2.3.Final.jar:/Users/Jayson/.m2/repository/com/fasterxml/classmate/1.5.1/classmate-1.5.1.jar:/Users/Jayson/.m2/repository/javax/activation/javax.activation-api/1.2.0/javax.activation-api-1.2.0.jar:/Users/Jayson/.m2/repository/org/hibernate/common/hibernate-commons-annotations/5.1.2.Final/hibernate-commons-annotations-5.1.2.Final.jar:/Users/Jayson/.m2/repository/javax/xml/bind/jaxb-api/2.3.1/jaxb-api-2.3.1.jar:/Users/Jayson/.m2/repository/org/glassfish/jaxb/jaxb-runtime/2.3.1/jaxb-runtime-2.3.1.jar:/Users/Jayson/.m2/repository/org/glassfish/jaxb/txw2/2.3.1/txw2-2.3.1.jar:/Users/Jayson/.m2/repository/com/sun/istack/istack-commons-runtime/3.0.7/istack-commons-runtime-3.0.7.jar:/Users/Jayson/.m2/repository/org/jvnet/staxex/stax-ex/1.8/stax-ex-1.8.jar:/Users/Jayson/.m2/repository/com/sun/xml/fastinfoset/FastInfoset/1.2.15/FastInfoset-1.2.15.jar:/Users/Jayson/.m2/repository/junit/junit/3.8.1/junit-3.8.1.jar:/Users/Jayson/.m2/repository/javax/persistence/javax.persistence-api/2.2/javax.persistence-api-2.2.jar:/Users/Jayson/.m2/repository/org/glassfish/jersey/containers/jersey-container-servlet/2.31/jersey-container-servlet-2.31.jar:/Users/Jayson/.m2/repository/org/glassfish/jersey/containers/jersey-container-servlet-core/2.31/jersey-container-servlet-core-2.31.jar:/Users/Jayson/.m2/repository/org/glassfish/jersey/core/jersey-common/2.31/jersey-common-2.31.jar:/Users/Jayson/.m2/repository/org/glassfish/hk2/osgi-resource-locator/1.0.3/osgi-resource-locator-1.0.3.jar:/Users/Jayson/.m2/repository/com/sun/activation/jakarta.activation/1.2.2/jakarta.activation-1.2.2.jar:/Users/Jayson/.m2/repository/org/glassfish/jersey/core/jersey-server/2.31/jersey-server-2.31.jar:/Users/Jayson/.m2/repository/org/glassfish/jersey/media/jersey-media-jaxb/2.31/jersey-media-jaxb-2.31.jar:/Users/Jayson/.m2/repository/jakarta/validation/jakarta.validation-api/2.0.2/jakarta.validation-api-2.0.2.jar:/Users/Jayson/.m2/repository/jakarta/xml/bind/jakarta.xml.bind-api/2.3.3/jakarta.xml.bind-api-2.3.3.jar:/Users/Jayson/.m2/repository/jakarta/activation/jakarta.activation-api/1.2.2/jakarta.activation-api-1.2.2.jar:/Users/Jayson/.m2/repository/jakarta/ws/rs/jakarta.ws.rs-api/2.1.6/jakarta.ws.rs-api-2.1.6.jar:/Users/Jayson/.m2/repository/org/glassfish/jersey/core/jersey-client/2.31/jersey-client-2.31.jar:/Users/Jayson/.m2/repository/org/glassfish/hk2/external/jakarta.inject/2.6.1/jakarta.inject-2.6.1.jar:/Users/Jayson/.m2/repository/org/eclipse/yasson/1.0.7/yasson-1.0.7.jar:/Users/Jayson/.m2/repository/jakarta/json/bind/jakarta.json.bind-api/1.0.2/jakarta.json.bind-api-1.0.2.jar:/Users/Jayson/.m2/repository/jakarta/json/jakarta.json-api/1.1.6/jakarta.json-api-1.1.6.jar:/Users/Jayson/.m2/repository/org/glassfish/jakarta.json/1.1.6/jakarta.json-1.1.6-module.jar:/Users/Jayson/.m2/repository/org/glassfish/jersey/inject/jersey-hk2/2.31/jersey-hk2-2.31.jar:/Users/Jayson/.m2/repository/org/glassfish/hk2/hk2-api/2.6.1/hk2-api-2.6.1.jar:/Users/Jayson/.m2/repository/org/glassfish/hk2/external/aopalliance-repackaged/2.6.1/aopalliance-repackaged-2.6.1.jar:/Users/Jayson/.m2/repository/org/glassfish/hk2/hk2-locator/2.6.1/hk2-locator-2.6.1.jar:/Users/Jayson/.m2/repository/jakarta/annotation/jakarta.annotation-api/1.3.4/jakarta.annotation-api-1.3.4.jar:/Users/Jayson/.m2/repository/org/glassfish/hk2/hk2-utils/2.6.1/hk2-utils-2.6.1.jar:/Users/Jayson/.m2/repository/org/glassfish/jersey/media/jersey-media-sse/2.31/jersey-media-sse-2.31.jar:/Users/Jayson/.m2/repository/org/glassfish/jersey/media/jersey-media-json-binding/2.31/jersey-media-json-binding-2.31.jar:/Users/Jayson/.m2/repository/org/glassfish/jakarta.json/1.1.6/jakarta.json-1.1.6.jar:/Users/Jayson/.m2/repository/org/projectlombok/lombok/1.18.30/lombok-1.18.30.jar:/Users/Jayson/.m2/repository/ma/glasnost/orika/orika-core/1.5.4/orika-core-1.5.4.jar:/Users/Jayson/.m2/repository/com/thoughtworks/paranamer/paranamer/2.8/paranamer-2.8.jar:/Users/Jayson/.m2/repository/org/slf4j/slf4j-api/1.7.25/slf4j-api-1.7.25.jar:/Users/Jayson/.m2/repository/com/carrotsearch/java-sizeof/0.0.5/java-sizeof-0.0.5.jar:/Users/Jayson/.m2/repository/org/codehaus/janino/janino/3.0.8/janino-3.0.8.jar:/Users/Jayson/.m2/repository/org/codehaus/janino/commons-compiler/3.0.8/commons-compiler-3.0.8.jar:/Users/Jayson/.m2/repository/org/springframework/spring-core/5.2.12.RELEASE/spring-core-5.2.12.RELEASE.jar:/Users/Jayson/.m2/repository/org/springframework/spring-jcl/5.2.12.RELEASE/spring-jcl-5.2.12.RELEASE.jar:/Users/Jayson/.m2/repository/org/springframework/spring-web/5.2.12.RELEASE/spring-web-5.2.12.RELEASE.jar:/Users/Jayson/.m2/repository/org/springframework/spring-beans/5.2.12.RELEASE/spring-beans-5.2.12.RELEASE.jar:/Users/Jayson/.m2/repository/org/springframework/spring-context/5.2.12.RELEASE/spring-context-5.2.12.RELEASE.jar:/Users/Jayson/.m2/repository/org/springframework/spring-aop/5.2.12.RELEASE/spring-aop-5.2.12.RELEASE.jar:/Users/Jayson/.m2/repository/org/springframework/spring-expression/5.2.12.RELEASE/spring-expression-5.2.12.RELEASE.jar:/Users/Jayson/.m2/repository/org/springframework/spring-webmvc/5.2.12.RELEASE/spring-webmvc-5.2.12.RELEASE.jar:"/>
    <property name="sun.cpu.endian" value="little"/>
    <property name="user.home" value="/Users/Jayson"/>
    <property name="user.language" value="fr"/>
    <property name="java.specification.vendor" value="Oracle Corporation"/>
    <property name="java.version.date" value="2023-09-19"/>
    <property name="java.home" value="/opt/homebrew/Cellar/openjdk/21/libexec/openjdk.jdk/Contents/Home"/>
    <property name="file.separator" value="/"/>
    <property name="basedir" value="/Users/Jayson/Documents/miage/M2/FSRProject"/>
    <property name="java.vm.compressedOopsMode" value="Zero based"/>
    <property name="line.separator" value="&#10;"/>
    <property name="java.vm.specification.vendor" value="Oracle Corporation"/>
    <property name="java.specification.name" value="Java Platform API Specification"/>
    <property name="apple.awt.application.name" value="ForkedBooter"/>
    <property name="surefire.real.class.path" value="/Users/Jayson/Documents/miage/M2/FSRProject/target/surefire/surefirebooter-20240115170353596_3.jar"/>
    <property name="sun.management.compiler" value="HotSpot 64-Bit Tiered Compilers"/>
    <property name="ftp.nonProxyHosts" value="local|*.local|169.254/16|*.169.254/16"/>
    <property name="java.runtime.version" value="21"/>
    <property name="user.name" value="Jayson"/>
    <property name="stdout.encoding" value="UTF-8"/>
    <property name="path.separator" value=":"/>
    <property name="os.version" value="14.0"/>
    <property name="java.runtime.name" value="OpenJDK Runtime Environment"/>
    <property name="file.encoding" value="UTF-8"/>
    <property name="java.vm.name" value="OpenJDK 64-Bit Server VM"/>
    <property name="java.vendor.version" value="Homebrew"/>
    <property name="localRepository" value="/Users/Jayson/.m2/repository"/>
    <property name="java.vendor.url.bug" value="https://github.com/Homebrew/homebrew-core/issues"/>
    <property name="java.io.tmpdir" value="/var/folders/ky/1wm4y72s6vv4yc8wyfnz3b9c0000gq/T/"/>
    <property name="java.version" value="21"/>
    <property name="user.dir" value="/Users/Jayson/Documents/miage/M2/FSRProject"/>
    <property name="os.arch" value="aarch64"/>
    <property name="java.vm.specification.name" value="Java Virtual Machine Specification"/>
    <property name="native.encoding" value="UTF-8"/>
    <property name="java.library.path" value="/Users/Jayson/Library/Java/Extensions:/Library/Java/Extensions:/Network/Library/Java/Extensions:/System/Library/Java/Extensions:/usr/lib/java:."/>
    <property name="java.vm.info" value="mixed mode, sharing"/>
    <property name="stderr.encoding" value="UTF-8"/>
    <property name="java.vendor" value="Homebrew"/>
    <property name="java.vm.version" value="21"/>
    <property name="sun.io.unicode.encoding" value="UnicodeBig"/>
    <property name="socksNonProxyHosts" value="local|*.local|169.254/16|*.169.254/16"/>
    <property name="java.class.version" value="65.0"/>
  </properties>
  <testcase name="testApp" classname="com.miage.app.AppTest" time="0.005"/>
</testsuite>